[    1318ms] [WARNING] Mixed Content: The page at 'https://mp.weixin.qq.com/s/G3aKbzdGUyD2h1aVjvbr2g' was loaded over HTTPS, but requested an insecure element 'http://mmbiz.qpic.cn/mmbiz_png/33P2FdAnju8t5nZGhAatCrc4e2iaDfAaoInribRKxc7MOqdTGygfcLqSDxhj0trCHVEh94Sjl7zuWYzwouYtJ0VQ/0?wx_fmt=png'. This request was automatically upgraded to HTTPS, For more information see https://blog.chromium.org/2019/10/no-more-mixed-messages-about-https.html @ https://mp.weixin.qq.com/s/G3aKbzdGUyD2h1aVjvbr2g:0
[    1318ms] [WARNING] Mixed Content: The page at 'https://mp.weixin.qq.com/s/G3aKbzdGUyD2h1aVjvbr2g' was loaded over HTTPS, but requested an insecure element 'http://mmbiz.qpic.cn/mmbiz_png/33P2FdAnju8t5nZGhAatCrc4e2iaDfAaoInribRKxc7MOqdTGygfcLqSDxhj0trCHVEh94Sjl7zuWYzwouYtJ0VQ/0?wx_fmt=png'. This request was automatically upgraded to HTTPS, For more information see https://blog.chromium.org/2019/10/no-more-mixed-messages-about-https.html @ https://mp.weixin.qq.com/s/G3aKbzdGUyD2h1aVjvbr2g:0
[    2310ms] [WARNING] Mixed Content: The page at 'https://mp.weixin.qq.com/s/G3aKbzdGUyD2h1aVjvbr2g' was loaded over HTTPS, but requested an insecure element 'http://mmbiz.qpic.cn/mmbiz_png/33P2FdAnju8t5nZGhAatCrc4e2iaDfAaoInribRKxc7MOqdTGygfcLqSDxhj0trCHVEh94Sjl7zuWYzwouYtJ0VQ/0?wx_fmt=png'. This request was automatically upgraded to HTTPS, For more information see https://blog.chromium.org/2019/10/no-more-mixed-messages-about-https.html @ https://mp.weixin.qq.com/s/G3aKbzdGUyD2h1aVjvbr2g:3822
[    2310ms] [WARNING] Mixed Content: The page at 'https://mp.weixin.qq.com/s/G3aKbzdGUyD2h1aVjvbr2g' was loaded over HTTPS, but requested an insecure element 'http://mmbiz.qpic.cn/mmbiz_png/33P2FdAnju8t5nZGhAatCrc4e2iaDfAaoInribRKxc7MOqdTGygfcLqSDxhj0trCHVEh94Sjl7zuWYzwouYtJ0VQ/0?wx_fmt=png'. This request was automatically upgraded to HTTPS, For more information see https://blog.chromium.org/2019/10/no-more-mixed-messages-about-https.html @ https://mp.weixin.qq.com/s/G3aKbzdGUyD2h1aVjvbr2g:3930
[    2490ms] [LOG] hasAllDataColWidth: true @ https://mp.weixin.qq.com/s/G3aKbzdGUyD2h1aVjvbr2g:36996
[    2490ms] [LOG] hasAllDataColWidth: true @ https://mp.weixin.qq.com/s/G3aKbzdGUyD2h1aVjvbr2g:36996
[    2490ms] [LOG] hasAllDataColWidth: true @ https://mp.weixin.qq.com/s/G3aKbzdGUyD2h1aVjvbr2g:36996
[    2490ms] [LOG] hasAllDataColWidth: true @ https://mp.weixin.qq.com/s/G3aKbzdGUyD2h1aVjvbr2g:36996
[    2490ms] [LOG] hasAllDataColWidth: true @ https://mp.weixin.qq.com/s/G3aKbzdGUyD2h1aVjvbr2g:36996
[    2490ms] [LOG] allEqual: false @ https://mp.weixin.qq.com/s/G3aKbzdGUyD2h1aVjvbr2g:37014
[    2490ms] [LOG] allEqual: false @ https://mp.weixin.qq.com/s/G3aKbzdGUyD2h1aVjvbr2g:37014
[    2491ms] [LOG] allEqual: false @ https://mp.weixin.qq.com/s/G3aKbzdGUyD2h1aVjvbr2g:37014
[    2491ms] [LOG] allEqual: false @ https://mp.weixin.qq.com/s/G3aKbzdGUyD2h1aVjvbr2g:37014
[    2491ms] [LOG] allEqual: false @ https://mp.weixin.qq.com/s/G3aKbzdGUyD2h1aVjvbr2g:37014
[    2491ms] [LOG] hasAllDataColWidth: true @ https://mp.weixin.qq.com/s/G3aKbzdGUyD2h1aVjvbr2g:36996
[    2491ms] [LOG] hasAllDataColWidth: true @ https://mp.weixin.qq.com/s/G3aKbzdGUyD2h1aVjvbr2g:36996
[    2491ms] [LOG] hasAllDataColWidth: true @ https://mp.weixin.qq.com/s/G3aKbzdGUyD2h1aVjvbr2g:36996
[    2491ms] [LOG] hasAllDataColWidth: true @ https://mp.weixin.qq.com/s/G3aKbzdGUyD2h1aVjvbr2g:36996
[    2491ms] [LOG] hasAllDataColWidth: true @ https://mp.weixin.qq.com/s/G3aKbzdGUyD2h1aVjvbr2g:36996
[    2491ms] [LOG] hasAllDataColWidth: true @ https://mp.weixin.qq.com/s/G3aKbzdGUyD2h1aVjvbr2g:36996
[    2491ms] [LOG] hasAllDataColWidth: true @ https://mp.weixin.qq.com/s/G3aKbzdGUyD2h1aVjvbr2g:36996
[    2491ms] [LOG] allEqual: true @ https://mp.weixin.qq.com/s/G3aKbzdGUyD2h1aVjvbr2g:37014
[    2491ms] [LOG] allEqual: true @ https://mp.weixin.qq.com/s/G3aKbzdGUyD2h1aVjvbr2g:37014
[    2491ms] [LOG] allEqual: true @ https://mp.weixin.qq.com/s/G3aKbzdGUyD2h1aVjvbr2g:37014
[    2491ms] [LOG] allEqual: true @ https://mp.weixin.qq.com/s/G3aKbzdGUyD2h1aVjvbr2g:37014
[    2491ms] [LOG] allEqual: true @ https://mp.weixin.qq.com/s/G3aKbzdGUyD2h1aVjvbr2g:37014
[    2491ms] [LOG] allEqual: true @ https://mp.weixin.qq.com/s/G3aKbzdGUyD2h1aVjvbr2g:37014
[    2491ms] [LOG] allEqual: true @ https://mp.weixin.qq.com/s/G3aKbzdGUyD2h1aVjvbr2g:37014
[    2525ms] [LOG] tingIsShow, tingHeardCnt   @ https://mp.weixin.qq.com/s/G3aKbzdGUyD2h1aVjvbr2g:39791
[    2530ms] [LOG] canUseStar, startPersonCnt false  @ https://mp.weixin.qq.com/s/G3aKbzdGUyD2h1aVjvbr2g:43068
[    2541ms] [LOG] SyntaxError: Unexpected end of JSON input
    at JSON.parse (<anonymous>)
    at __setPageContentBottomData (https://mp.weixin.qq.com/s/G3aKbzdGUyD2h1aVjvbr2g:44548:77)
    at https://mp.weixin.qq.com/s/G3aKbzdGUyD2h1aVjvbr2g:44608:5
    at https://mp.weixin.qq.com/s/G3aKbzdGUyD2h1aVjvbr2g:44614:3 @ https://mp.weixin.qq.com/s/G3aKbzdGUyD2h1aVjvbr2g:44594
[    3440ms] [LOG] bottombar-safe-bottom 0 @ https://mp.weixin.qq.com/s/G3aKbzdGUyD2h1aVjvbr2g:8652
[    3567ms] [LOG] OpenSDK Frame loaded, build time: 2025-11-17 11:05 @ https://open.weixin.qq.com/pcopensdk/frame:1
[    3713ms] [LOG] support wcslplayer false @ https://res.wx.qq.com/mmbizappmsg/zh_CN/htmledition/js/assets/cover_next.mnhinttm485bee62.js:0
[    3719ms] [LOG] canUseStar, startPersonCnt false <%@JsEncode($user_info.appmsg_bar_data.star_num.DATA$)%> @ https://res.wx.qq.com/mmbizappmsg/zh_CN/htmledition/js/assets/set_star.mnhinttme3c1e767.js:0
[    3746ms] [LOG] in white list undefined 1775148980862 @ https://res.wx.qq.com/mmbizappmsg/zh_CN/htmledition/js/assets/wxwork_hidden.mnhinttm26e702a4.js:2
[    3756ms] [LOG] [Appmsg comment] start get comment data, url:/mp/appmsg_comment?action=getcomment&scene=0&appmsgid=2650543098&idx=1&__biz=MzAxNDEwNjk5OQ==&comment_id=4446115997682450444&offset=0&buffer=&limit=100&send_time=&sessionid=svr_3bbd74bfc9d&enterid=1775148977&top_content_id=&top_reply_id=&comment_scene=0 @ https://res.wx.qq.com/mmbizappmsg/zh_CN/htmledition/js/assets/appmsg_comment.mnhinttm4632ba47.js:4
[    3761ms] [LOG] getIdentity========== @ https://res.wx.qq.com/mmbizappmsg/zh_CN/htmledition/js/assets/Identity.mnhinttm8cf4ae51.js:2
[    3762ms] [INFO] [IndexedDBAdapter] IndexedDB initialized successfully  @ https://res.wx.qq.com/mmbizappmsg/zh_CN/htmledition/js/assets/StreamFriendsList.mnhinttmd9cdac0a.js:0
[    3767ms] [INFO] [图文信息] 三元组: MzAxNDEwNjk5OQ== 2650543098 1 @ https://res.wx.qq.com/mmbizappmsg/zh_CN/htmledition/js/assets/appmsg.mnhinttm34ab8163.js:8
[    3767ms] [INFO] [用户信息] 设备信息: 是否安卓 undefined 是否IOS undefined 是否秒开场景 undefined 系统版本 10_15 用户uin 0 是否小程序内打开 false @ https://res.wx.qq.com/mmbizappmsg/zh_CN/htmledition/js/assets/appmsg.mnhinttm34ab8163.js:8
[    3768ms] [LOG] wx config web compt result [wxOpen] {err_msg: handleMPPageAction:fail_webcompt unsupported} @ https://res.wx.qq.com/mmbizappmsg/zh_CN/htmledition/js/assets/comm_utils.mnhinttm3f3816ac.js:0
[    3784ms] [INFO] [(评论、点赞、赞赏) 发送请求]:  Fri Apr 03 2026 00:56:20 GMT+0800 (中国标准时间) @ https://res.wx.qq.com/mmbizappmsg/zh_CN/htmledition/js/assets/appmsgext.mnhinttmd1770e60.js:0
[    3793ms] [LOG] ======ad fontScaleCssVars change 1 1 1 @ https://res.wx.qq.com/mmbizappmsg/zh_CN/htmledition/js/assets/a.mnhinttm451a7641.js:0
[    3805ms] [INFO] [广告发送请求] 是否拉取广告 0 @ https://res.wx.qq.com/mmbizappmsg/zh_CN/htmledition/js/assets/StreamFriendsList.mnhinttmd9cdac0a.js:0
[    3805ms] [INFO] [强制广告] 是否强制去掉广告 0 @ https://res.wx.qq.com/mmbizappmsg/zh_CN/htmledition/js/assets/StreamFriendsList.mnhinttmd9cdac0a.js:0
[    3808ms] [LOG] [PagePos] init entry @ https://res.wx.qq.com/mmbizappmsg/zh_CN/htmledition/js/assets/appmsg.mnhinttm34ab8163.js:8
[    3808ms] [LOG] [PagePos] init call @ https://res.wx.qq.com/mmbizappmsg/zh_CN/htmledition/js/assets/page_pos.mnhinttm785c6df5.js:0
[    3816ms] [LOG] [PagePos] commReport leaveReport addReport @ https://res.wx.qq.com/mmbizappmsg/zh_CN/htmledition/js/assets/page_pos.mnhinttm785c6df5.js:0
[    3820ms] [LOG] [Appmsg comment] start get comment data, url:/mp/appmsg_comment?action=getcomment&scene=0&appmsgid=2650543098&idx=1&__biz=MzAxNDEwNjk5OQ==&comment_id=4446115997682450444&offset=0&buffer=&limit=100&send_time=&sessionid=svr_3bbd74bfc9d&enterid=1775148977&top_content_id=&top_reply_id=&comment_scene=0 @ https://res.wx.qq.com/mmbizappmsg/zh_CN/htmledition/js/assets/appmsg_comment.mnhinttm4632ba47.js:4
[    3820ms] [WARNING] Mixed Content: The page at 'https://mp.weixin.qq.com/s/G3aKbzdGUyD2h1aVjvbr2g' was loaded over HTTPS, but requested an insecure element 'http://mmbiz.qpic.cn/mmbiz_png/33P2FdAnju8t5nZGhAatCrc4e2iaDfAaoInribRKxc7MOqdTGygfcLqSDxhj0trCHVEh94Sjl7zuWYzwouYtJ0VQ/300?wx_fmt=png&wxfrom=19'. This request was automatically upgraded to HTTPS, For more information see https://blog.chromium.org/2019/10/no-more-mixed-messages-about-https.html @ https://mp.weixin.qq.com/s/G3aKbzdGUyD2h1aVjvbr2g:0
[    3821ms] [WARNING] Mixed Content: The page at 'https://mp.weixin.qq.com/s/G3aKbzdGUyD2h1aVjvbr2g' was loaded over HTTPS, but requested an insecure element 'http://mmbiz.qpic.cn/mmbiz_png/33P2FdAnju8t5nZGhAatCrc4e2iaDfAaoInribRKxc7MOqdTGygfcLqSDxhj0trCHVEh94Sjl7zuWYzwouYtJ0VQ/300?wx_fmt=png&wxfrom=18'. This request was automatically upgraded to HTTPS, For more information see https://blog.chromium.org/2019/10/no-more-mixed-messages-about-https.html @ https://mp.weixin.qq.com/s/G3aKbzdGUyD2h1aVjvbr2g:0
[    3834ms] [INFO] [currentMpInfo]set url {interaction_url: , underline_url: } @ https://res.wx.qq.com/mmbizappmsg/zh_CN/htmledition/js/assets/appmsg.mnhinttm34ab8163.js:8
[    3840ms] [LOG] https://mmbiz.qpic.cn/mmbiz_gif/33P2FdAnju8wR6tAicOeT6zeXrYH5MAzz2tSeQeje01Wib7IrWTbaIDF3I7NiaH4wV9FNQqiaQTiawcriaQtZjF3pAbg/640?wx_fmt=gif&wxfrom=5&wx_lazy=1&tp=webp#imgIndex=0 img false https://mmbiz.qpic.cn/mmbiz_gif/33P2FdAnju8wR6tAicOeT6zeXrYH5MAzz2tSeQeje01Wib7IrWTbaIDF3I7NiaH4wV9FNQqiaQTiawcriaQtZjF3pAbg/640?wx_fmt=gif&wxfrom=5&wx_lazy=1&tp=webp#imgIndex=0 @ https://res.wx.qq.com/mmbizappmsg/zh_CN/htmledition/js/assets/appmsg.mnhinttm34ab8163.js:2
[    3840ms] [LOG] https://mmbiz.qpic.cn/mmbiz_png/33P2FdAnju9ktXcOebovS1SbeNE5Nc6ROCUABskFSIhpDnV6snAu0BaEwUuywlUnf5dkQLtKUpwOmg9WlYwOWw/640?wx_fmt=other&wxfrom=5&wx_lazy=1&wx_co=1&tp=webp#imgIndex=1 img false https://mmbiz.qpic.cn/mmbiz_png/33P2FdAnju9ktXcOebovS1SbeNE5Nc6ROCUABskFSIhpDnV6snAu0BaEwUuywlUnf5dkQLtKUpwOmg9WlYwOWw/640?wx_fmt=other&wxfrom=5&wx_lazy=1&wx_co=1&tp=webp#imgIndex=1 @ https://res.wx.qq.com/mmbizappmsg/zh_CN/htmledition/js/assets/appmsg.mnhinttm34ab8163.js:2
[    3879ms] [LOG] getRelatedArticleList undefined @ https://res.wx.qq.com/mmbizappmsg/zh_CN/htmledition/js/assets/appmsg.mnhinttm34ab8163.js:0
[    3879ms] [INFO] [StateSyncManager] State sync manager initialized successfully  @ https://res.wx.qq.com/mmbizappmsg/zh_CN/htmledition/js/assets/StreamFriendsList.mnhinttmd9cdac0a.js:0
[    3907ms] [LOG] [comm_report] reportjson:  {bizuin: MzAxNDEwNjk5OQ==, msgid: 2650543098, idx: 1, sessionid: svr_3bbd74bfc9d, itemshowtype: 0} @ https://res.wx.qq.com/mmbizappmsg/zh_CN/htmledition/js/assets/comm_utils.mnhinttm3f3816ac.js:0
[    3907ms] [LOG] [comm_report] reportjson:  {bizuin: MzAxNDEwNjk5OQ==, msgid: 2650543098, idx: 1, sessionid: svr_3bbd74bfc9d, itemshowtype: 0} @ https://res.wx.qq.com/mmbizappmsg/zh_CN/htmledition/js/assets/comm_utils.mnhinttm3f3816ac.js:0
[    3907ms] [LOG] [comm_report] reportjson:  {bizuin: MzAxNDEwNjk5OQ==, msgid: 2650543098, idx: 1, sessionid: svr_3bbd74bfc9d, itemshowtype: 0} @ https://res.wx.qq.com/mmbizappmsg/zh_CN/htmledition/js/assets/comm_utils.mnhinttm3f3816ac.js:0
[    3907ms] [LOG] [comm_report] reportjson:  {bizuin: MzAxNDEwNjk5OQ==, msgid: 2650543098, idx: 1, sessionid: svr_3bbd74bfc9d, itemshowtype: 0} @ https://res.wx.qq.com/mmbizappmsg/zh_CN/htmledition/js/assets/comm_utils.mnhinttm3f3816ac.js:0
[    3907ms] [LOG] [reportData]:  {count: 4, reportjson0: {"bizuin":"MzAxNDEwNjk5OQ==","msgid":2650543098,"i…xptype":"","log_id":27894,"TimeStamp":1775148981}, reportjson1: {"bizuin":"MzAxNDEwNjk5OQ==","msgid":2650543098,"i…xptype":"","log_id":27894,"TimeStamp":1775148981}, reportjson2: {"bizuin":"MzAxNDEwNjk5OQ==","msgid":2650543098,"i…xptype":"","log_id":27894,"TimeStamp":1775148981}, reportjson3: {"bizuin":"MzAxNDEwNjk5OQ==","msgid":2650543098,"i…xptype":"","log_id":27894,"TimeStamp":1775148981}} @ https://res.wx.qq.com/mmbizappmsg/zh_CN/htmledition/js/assets/comm_utils.mnhinttm3f3816ac.js:0
[    3959ms] [LOG] [comm_report] reportjson:  {CgiPath: /mp/appmsg_comment, Action: getextracomment, Query: ?action=getextracomment&appmsgid=2650543098&idx=1&…%3D&appmsg_token=&x5=0&f=json&user_article_role=0, PostData: , Method: GET} @ https://res.wx.qq.com/mmbizappmsg/zh_CN/htmledition/js/assets/comm_utils.mnhinttm3f3816ac.js:0
[    3963ms] [LOG] [comm_report] reportjson:  {CgiPath: /mp/getappmsgad, Action: , Query: ?f=json&mockid=&rtx=&uin=&key=&pass_ticket=&wxtoke…%3D&appmsg_token=&x5=0&f=json&user_article_role=0, PostData: r=0.2853494181309534&appmsg_type=9&mid=2650543098&…eed_ad=0&both_ad=0&pos_type_list=&vid_list=%5B%5D, Method: POST} @ https://res.wx.qq.com/mmbizappmsg/zh_CN/htmledition/js/assets/comm_utils.mnhinttm3f3816ac.js:0
[    3963ms] [INFO] [广告响应请求] {base_resp: Object, ret: -3, errmsg: no session, cookie_count: 0} @ https://res.wx.qq.com/mmbizappmsg/zh_CN/htmledition/js/assets/StreamFriendsList.mnhinttmd9cdac0a.js:0
[    3963ms] [LOG] [comm_report] reportjson:  {CgiPath: /mp/appmsg_comment, Action: getsegment, Query: ?action=getsegment&appmsgid=2650543098&idx=1&comme…%3D&appmsg_token=&x5=0&f=json&user_article_role=0, PostData: modify_detail=%5B%5D&modify_detail_new=undefined&modify_time=0&linefeed_card=, Method: POST} @ https://res.wx.qq.com/mmbizappmsg/zh_CN/htmledition/js/assets/comm_utils.mnhinttm3f3816ac.js:0
[    3964ms] [LOG] segmentlist:  {base_resp: Object, ret: -3, errmsg: no session, cookie_count: 0} @ https://res.wx.qq.com/mmbizappmsg/zh_CN/htmledition/js/assets/wxwork_hidden.mnhinttm26e702a4.js:2
[    3964ms] [LOG] [comm_report] reportjson:  {CgiPath: /mp/getappmsgext, Action: , Query: ?f=json&mock=&uin=&key=&pass_ticket=&wxtoken=777&d…%3D&appmsg_token=&x5=0&f=json&user_article_role=0, PostData: r=0.46109343004433945&__biz=MzAxNDEwNjk5OQ%3D%3D&a…nt_comment_id=4446116011322327054&business_type=0, Method: POST} @ https://res.wx.qq.com/mmbizappmsg/zh_CN/htmledition/js/assets/comm_utils.mnhinttm3f3816ac.js:0
[    3964ms] [LOG] [reportData]:  {count: 4, reportjson0: {"CgiPath":"/mp/appmsg_comment","Action":"getextra…in.qq.com","log_id":36408,"TimeStamp":1775148981}, reportjson1: {"CgiPath":"/mp/getappmsgad","Action":"","Query":"…in.qq.com","log_id":36408,"TimeStamp":1775148981}, reportjson2: {"CgiPath":"/mp/appmsg_comment","Action":"getsegme…in.qq.com","log_id":36408,"TimeStamp":1775148981}, reportjson3: {"CgiPath":"/mp/getappmsgext","Action":"","Query":…in.qq.com","log_id":36408,"TimeStamp":1775148981}} @ https://res.wx.qq.com/mmbizappmsg/zh_CN/htmledition/js/assets/comm_utils.mnhinttm3f3816ac.js:0
[    3964ms] [INFO] [(评论、点赞、赞赏) 响应请求]:  Fri Apr 03 2026 00:56:21 GMT+0800 (中国标准时间) {advertisement_info: Array(0), appmsg_album_videos: Array(0), base_resp: Object, effective_content_last_html_node: Array(0), link_component_list: Array(0)} @ https://res.wx.qq.com/mmbizappmsg/zh_CN/htmledition/js/assets/appmsgext.mnhinttmd1770e60.js:0
[    3965ms] [WARNING] window.ext_complete_success: true @ https://res.wx.qq.com/mmbizappmsg/zh_CN/htmledition/js/assets/appmsg.mnhinttm34ab8163.js:2
[    3970ms] [LOG] [comm_report] reportjson:  {CgiPath: /mp/appmsg_comment, Action: getcomment, Query: ?action=getcomment&scene=0&appmsgid=2650543098&idx…%3D&appmsg_token=&x5=0&f=json&user_article_role=0, PostData: , Method: GET} @ https://res.wx.qq.com/mmbizappmsg/zh_CN/htmledition/js/assets/comm_utils.mnhinttm3f3816ac.js:0
[    3971ms] [LOG] [comm_report] reportjson:  {CgiPath: /mp/appmsg_comment, Action: getidentitylist, Query: ?action=getidentitylist&scene=0&register=0&uin=&ke…%3D&appmsg_token=&x5=0&f=json&user_article_role=0, PostData: , Method: GET} @ https://res.wx.qq.com/mmbizappmsg/zh_CN/htmledition/js/assets/comm_utils.mnhinttm3f3816ac.js:0
[    3971ms] [LOG] [comm_report] reportjson:  {CgiPath: /mp/relatedsearchword, Action: getimagekeyword, Query: ?action=getimagekeyword&__biz=MzAxNDEwNjk5OQ==&mid…%3D&appmsg_token=&x5=0&f=json&user_article_role=0, PostData: , Method: GET} @ https://res.wx.qq.com/mmbizappmsg/zh_CN/htmledition/js/assets/comm_utils.mnhinttm3f3816ac.js:0
[    3972ms] [LOG] [comm_report] reportjson:  {CgiPath: /mp/getbizbanner, Action: , Query: ?__biz=MzAxNDEwNjk5OQ==&uin=&key=&pass_ticket=&wxt…%3D&appmsg_token=&x5=0&f=json&user_article_role=0, PostData: , Method: GET} @ https://res.wx.qq.com/mmbizappmsg/zh_CN/htmledition/js/assets/comm_utils.mnhinttm3f3816ac.js:0
[    3972ms] [LOG] [reportData]:  {count: 4, reportjson0: {"CgiPath":"/mp/appmsg_comment","Action":"getcomme…in.qq.com","log_id":36408,"TimeStamp":1775148981}, reportjson1: {"CgiPath":"/mp/appmsg_comment","Action":"getident…in.qq.com","log_id":36408,"TimeStamp":1775148981}, reportjson2: {"CgiPath":"/mp/relatedsearchword","Action":"getim…in.qq.com","log_id":36408,"TimeStamp":1775148981}, reportjson3: {"CgiPath":"/mp/getbizbanner","Action":"","Query":…in.qq.com","log_id":36408,"TimeStamp":1775148981}} @ https://res.wx.qq.com/mmbizappmsg/zh_CN/htmledition/js/assets/comm_utils.mnhinttm3f3816ac.js:0
[    3972ms] [LOG] js content size change @ https://res.wx.qq.com/mmbizappmsg/zh_CN/htmledition/js/assets/page_pos.mnhinttm785c6df5.js:0
[    4264ms] [LOG] [comm_report] reportjson:  {CgiPath: /mp/getbizbanner, Action: , Query: ?__biz=MzAxNDEwNjk5OQ==&uin=&key=&pass_ticket=&wxt…%3D&appmsg_token=&x5=0&f=json&user_article_role=0, PostData: , Method: GET} @ https://res.wx.qq.com/mmbizappmsg/zh_CN/htmledition/js/assets/comm_utils.mnhinttm3f3816ac.js:0
[    4268ms] [LOG] [comm_report] reportjson:  {CgiPath: /mp/appmsg_comment, Action: getcomment, Query: ?action=getcomment&scene=0&appmsgid=2650543098&idx…%3D&appmsg_token=&x5=0&f=json&user_article_role=0, PostData: , Method: GET} @ https://res.wx.qq.com/mmbizappmsg/zh_CN/htmledition/js/assets/comm_utils.mnhinttm3f3816ac.js:0
[    4603ms] [WARNING] <meta name="apple-mobile-web-app-capable" content="yes"> is deprecated. Please include <meta name="mobile-web-app-capable" content="yes"> @ https://mp.weixin.qq.com/s/G3aKbzdGUyD2h1aVjvbr2g:0
[    4908ms] [LOG] [reportData]:  {count: 2, reportjson0: {"CgiPath":"/mp/getbizbanner","Action":"","Query":…in.qq.com","log_id":36408,"TimeStamp":1775148981}, reportjson1: {"CgiPath":"/mp/appmsg_comment","Action":"getcomme…in.qq.com","log_id":36408,"TimeStamp":1775148981}} @ https://res.wx.qq.com/mmbizappmsg/zh_CN/htmledition/js/assets/comm_utils.mnhinttm3f3816ac.js:0
[    4922ms] [LOG] [comm_report] reportjson:  {bizuin: MzAxNDEwNjk5OQ==, appmsgid: 2650543098, itemidx: 1, scene: 0, subscene: 0} @ https://res.wx.qq.com/mmbizappmsg/zh_CN/htmledition/js/assets/comm_utils.mnhinttm3f3816ac.js:0
[    5109ms] [LOG] [comm_report] reportjson:  {bizuin: MzAxNDEwNjk5OQ==, appmsgid: 2650543098, itemidx: 1, scene: 0, subscene: 0} @ https://res.wx.qq.com/mmbizappmsg/zh_CN/htmledition/js/assets/comm_utils.mnhinttm3f3816ac.js:0
[    5923ms] [LOG] [reportData]:  {count: 2, reportjson0: {"bizuin":"MzAxNDEwNjk5OQ==","appmsgid":2650543098…mgIndex=1","log_id":34384,"TimeStamp":1775148982}, reportjson1: {"bizuin":"MzAxNDEwNjk5OQ==","appmsgid":2650543098…mgIndex=0","log_id":34384,"TimeStamp":1775148982}} @ https://res.wx.qq.com/mmbizappmsg/zh_CN/htmledition/js/assets/comm_utils.mnhinttm3f3816ac.js:0
[    9664ms] [LOG] [comm_report] reportjson:  {CgiPath: /mp/appmsgreport, Action: page_time_5s, Query: ?action=page_time_5s&__biz=MzAxNDEwNjk5OQ==&uin=&k…%3D&appmsg_token=&x5=0&f=json&user_article_role=0, PostData: report_bizuin=MzAxNDEwNjk5OQ%3D%3D&title=97.9%25%E…ype=&expsessionid=&effective_content_height=28594, Method: POST} @ https://res.wx.qq.com/mmbizappmsg/zh_CN/htmledition/js/assets/comm_utils.mnhinttm3f3816ac.js:0
[   10666ms] [LOG] [reportData]:  {count: 1, reportjson0: {"CgiPath":"/mp/appmsgreport","Action":"page_time_…in.qq.com","log_id":36408,"TimeStamp":1775148987}} @ https://res.wx.qq.com/mmbizappmsg/zh_CN/htmledition/js/assets/comm_utils.mnhinttm3f3816ac.js:0
[ 1512675ms] [LOG] [PagePos] start unloadReport @ https://res.wx.qq.com/mmbizappmsg/zh_CN/htmledition/js/assets/page_pos.mnhinttm785c6df5.js:0
[ 1512679ms] [LOG] [PagePos] need unloadReport @ https://res.wx.qq.com/mmbizappmsg/zh_CN/htmledition/js/assets/page_pos.mnhinttm785c6df5.js:0
[ 1512690ms] [LOG] [pagePos] reportByBeacon cookReportData {bizuin: 3014106999, title: 97.9%采纳率，胶水编程：业务需求出码最佳实践【天猫AI Coding实践系列】, msgid: 2650543098, itemidx: 1, SubScene: 10000} @ https://res.wx.qq.com/mmbizappmsg/zh_CN/htmledition/js/assets/page_pos.mnhinttm785c6df5.js:0
[ 1512694ms] [LOG] [comm_report] reportjson:  {bizuin: 3014106999, title: 97.9%采纳率，胶水编程：业务需求出码最佳实践【天猫AI Coding实践系列】, msgid: 2650543098, itemidx: 1, SubScene: 10000} @ https://res.wx.qq.com/mmbizappmsg/zh_CN/htmledition/js/assets/comm_utils.mnhinttm3f3816ac.js:0
[ 1512695ms] [LOG] reportByBeacon "%7B%22bizuin%22%3A3014106999%2C%22title%22%3A%2297.9%25%E9%87%87%E7%BA%B3%E7%8E%87%EF%BC%8C%E8%83%B6%E6%B0%B4%E7%BC%96%E7%A8%8B%EF%BC%9A%E4%B8%9A%E5%8A%A1%E9%9C%80%E6%B1%82%E5%87%BA%E7%A0%81%E6%9C%80%E4%BD%B3%E5%AE%9E%E8%B7%B5%E3%80%90%E5%A4%A9%E7%8C%ABAI%20Coding%E5%AE%9E%E8%B7%B5%E7%B3%BB%E5%88%97%E3%80%91%22%2C%22msgid%22%3A2650543098%2C%22itemidx%22%3A1%2C%22SubScene%22%3A10000%2C%22SessionId%22%3A%22svr_3bbd74bfc9d%22%2C%22EnterId%22%3A1775148977%2C%22ReadCnt%22%3A0%2C%22OldLikeCnt%22%3A0%2C%22LikeCnt%22%3A0%2C%22ScreenWidth%22%3A1200%2C%22ScreenHeight%22%3A620%2C%22ScreenNum%22%3A46%2C%22idkey%22%3A%2228307_84_2%3B326818_79_1%3B330742_15_2%3B28307_78_2%3B28307_80_2%3B28307_85_2%3B28307_87_2%3B28307_64_1%22%2C%22CopyrightStat%22%3A1%2C%22OriArticleTypeStr%22%3A%22%22%2C%22VideoCnt%22%3A0%2C%22ReadScreenNum%22%3A1%2C%22IsFinishedRead%22%3A0%2C%22scene%22%3A10000%2C%22ContentLen%22%3A5096406%2C%22StartTimeMs%22%3A1775148979408%2C%22starttime%22%3A1775148979408%2C%22EndTimeMs%22%3A1775150489804%2C%22endtime%22%3A1775150489804%2C%22HandupTime%22%3A0%2C%22InactiveTime%22%3A0%2C%22InactiveTime1%22%3A1509000%2C%22InactiveTime2%22%3A1509000%2C%22TotalHeight%22%3A28626%2C%22ExitHeight%22%3A620%2C%22img_640_cnt%22%3A2%2C%22img_0_cnt%22%3A0%2C%22img_300_cnt%22%3A0%2C%22WTime%22%3A4510%2C%22FTime%22%3A2221%2C%22PTime%22%3A3656%2C%22OnLoadTime%22%3A4510%2C%22RewardHeadsTotal%22%3A0%2C%22RewardHeadsFail%22%3A0%2C%22OuterPic%22%3A0%2C%22PublishTime%22%3A1774601472%2C%22ItemShowType%22%3A0%2C%22PageReqInfo%22%3A%22%7B%5C%22startGetAppmsgExtTime%5C%22%3A1775148980939%2C%5C%22startGetAppmsgAdTime%5C%22%3A1775148980939%2C%5C%22receiveGetAppmsgExt%5C%22%3A%5C%22200%7C1775148981080%5C%22%2C%5C%22receiveGetAppmsgAd%5C%22%3A%5C%22200%7C1775148981079%5C%22%2C%5C%22domCompleteTime%5C%22%3A1775148980939%7D%22%2C%22IsDarkmode%22%3A0%2C%22FromMasonry%22%3A1%2C%22AlbumInfo%22%3A%22%7B%5C%22albumid%5C%22%3A%5C%22%5C%22%2C%5C%22iswxanovel%5C%22%3A0%7D%22%2C%22IsTransformFromFinder%22%3A0%2C%22RecReqIDNew%22%3A0%2C%22CurFontSize%22%3A0%2C%22SearchClickId%22%3A%22%22%2C%22webp_total%22%3A1%2C%22webp_lossy%22%3A1%2C%22webp_lossless%22%3A1%2C%22webp_alpha%22%3A1%2C%22webp_animation%22%3A1%2C%22download_cdn_webp_img_cnt%22%3A2%2C%22DownloadImgCnt%22%3A2%2C%22download_cdn_img_cnt%22%3A2%2C%22ImgCnt%22%3A25%2C%22ReportTime%22%3A1775150489%2C%22img_gif_cnt%22%3A1%2C%22img_png_cnt%22%3A1%2C%22ImgViewCount%22%3A0%2C%22source%22%3A%22%22%2C%22ReqID%22%3A%2203003SAD1ODVMQdlKVkbsDr2%22%2C%22recommend_version%22%3A%22%22%2C%22class_id%22%3A%22%22%2C%22GetA8KeyScene%22%3A0%2C%22HotSpotJson%22%3A%22%7B%5C%22hotspotinfolist%5C%22%3A%5B%5D%7D%22%2C%22IfPaidArticle%22%3A0%2C%22IsPaid%22%3A0%2C%22Preview%22%3A0%2C%22IsFinished%22%3A0%2C%22Price%22%3A0%2C%22PaidCnt%22%3A0%2C%22WorthyCnt%22%3A0%2C%22ExpType%22%3A%22%22%2C%22ExpSessionId%22%3A%22%22%2C%22EffectiveContentHeight%22%3A28594%2C%22IsTempUrl%22%3A2%2C%22log_id%22%3A10945%2C%22TimeStamp%22%3A1775150490%7D" @ https://res.wx.qq.com/mmbizappmsg/zh_CN/htmledition/js/assets/comm_utils.mnhinttm3f3816ac.js:0
